QuestaSim-64 vlog 2021.2_1 Compiler 2021.05 May 15 2021
Start time: 10:46:31 on Apr 09,2024
vlog -64 -sv "+acc" -incr -f filelist_rtl.f -l vlog_rtl.log "+cover=sbceft" -assertdebug 
-- Compiling module i2c_top
-- Scanning library directory '../rtl'
-- Compiling module clock_generator
-- Compiling module i2c_master_fsm
-- Compiling module data_path_i2c_to_core
-- Compiling module data_fifo_mem
-- Compiling module apb_slave_interface
-- Compiling module fifo_toplevel
-- Compiling module fifo_mem
-- Compiling module rptr_empty
-- Compiling module wptr_full
-- Compiling module sync_r2w
-- Compiling module sync_w2r

Top level modules:
	i2c_top
End time: 10:46:31 on Apr 09,2024, Elapsed time: 0:00:00
Errors: 0, Warnings: 0
